<?xml version="1.0" encoding="UTF-8"?>
<testsuite xmlns:xsi="http://www.w3.org/2001/XMLSchema-instance" xsi:noNamespaceSchemaLocation="https://maven.apache.org/surefire/maven-surefire-plugin/xsd/surefire-test-report.xsd" name="TestSuite" time="114.096" tests="9" errors="0" skipped="1" failures="3">
  <properties>
    <property name="java.specification.version" value="14"/>
    <property name="sun.jnu.encoding" value="UTF-8"/>
    <property name="java.class.path" value="/Users/vinita.mahajan/Documents/midTrans/target/test-classes:/Users/vinita.mahajan/Documents/midTrans/target/classes:/Users/vinita.mahajan/.m2/repository/org/seleniumhq/selenium/selenium-java/3.141.59/selenium-java-3.141.59.jar:/Users/vinita.mahajan/.m2/repository/org/seleniumhq/selenium/selenium-api/3.141.59/selenium-api-3.141.59.jar:/Users/vinita.mahajan/.m2/repository/org/seleniumhq/selenium/selenium-edge-driver/3.141.59/selenium-edge-driver-3.141.59.jar:/Users/vinita.mahajan/.m2/repository/org/seleniumhq/selenium/selenium-ie-driver/3.141.59/selenium-ie-driver-3.141.59.jar:/Users/vinita.mahajan/.m2/repository/org/seleniumhq/selenium/selenium-opera-driver/3.141.59/selenium-opera-driver-3.141.59.jar:/Users/vinita.mahajan/.m2/repository/org/seleniumhq/selenium/selenium-safari-driver/3.141.59/selenium-safari-driver-3.141.59.jar:/Users/vinita.mahajan/.m2/repository/org/seleniumhq/selenium/selenium-support/3.141.59/selenium-support-3.141.59.jar:/Users/vinita.mahajan/.m2/repository/net/bytebuddy/byte-buddy/1.8.15/byte-buddy-1.8.15.jar:/Users/vinita.mahajan/.m2/repository/org/apache/commons/commons-exec/1.3/commons-exec-1.3.jar:/Users/vinita.mahajan/.m2/repository/com/squareup/okhttp3/okhttp/3.11.0/okhttp-3.11.0.jar:/Users/vinita.mahajan/.m2/repository/com/squareup/okio/okio/1.14.0/okio-1.14.0.jar:/Users/vinita.mahajan/.m2/repository/org/testng/testng/6.14.3/testng-6.14.3.jar:/Users/vinita.mahajan/.m2/repository/com/beust/jcommander/1.72/jcommander-1.72.jar:/Users/vinita.mahajan/.m2/repository/org/apache-extras/beanshell/bsh/2.0b6/bsh-2.0b6.jar:/Users/vinita.mahajan/.m2/repository/com/github/temyers/cucumber-jvm-parallel-plugin/5.0.0/cucumber-jvm-parallel-plugin-5.0.0.jar:/Users/vinita.mahajan/.m2/repository/org/apache/velocity/velocity/1.7/velocity-1.7.jar:/Users/vinita.mahajan/.m2/repository/commons-lang/commons-lang/2.4/commons-lang-2.4.jar:/Users/vinita.mahajan/.m2/repository/io/cucumber/gherkin/5.0.0/gherkin-5.0.0.jar:/Users/vinita.mahajan/.m2/repository/io/cucumber/gherkin-jvm-deps/1.0.4/gherkin-jvm-deps-1.0.4.jar:/Users/vinita.mahajan/.m2/repository/io/cucumber/tag-expressions/1.1.1/tag-expressions-1.1.1.jar:/Users/vinita.mahajan/.m2/repository/junit/junit/4.12/junit-4.12.jar:/Users/vinita.mahajan/.m2/repository/org/hamcrest/hamcrest-core/1.3/hamcrest-core-1.3.jar:/Users/vinita.mahajan/.m2/repository/org/assertj/assertj-core/3.12.1/assertj-core-3.12.1.jar:/Users/vinita.mahajan/.m2/repository/org/seleniumhq/selenium/selenium-server/3.141.59/selenium-server-3.141.59.jar:/Users/vinita.mahajan/.m2/repository/net/jcip/jcip-annotations/1.0/jcip-annotations-1.0.jar:/Users/vinita.mahajan/.m2/repository/org/seleniumhq/selenium/jetty-repacked/9.4.12.v20180830/jetty-repacked-9.4.12.v20180830.jar:/Users/vinita.mahajan/.m2/repository/javax/servlet/javax.servlet-api/3.1.0/javax.servlet-api-3.1.0.jar:/Users/vinita.mahajan/.m2/repository/org/yaml/snakeyaml/1.19/snakeyaml-1.19.jar:/Users/vinita.mahajan/.m2/repository/com/google/guava/guava/23.0/guava-23.0.jar:/Users/vinita.mahajan/.m2/repository/com/google/code/findbugs/jsr305/1.3.9/jsr305-1.3.9.jar:/Users/vinita.mahajan/.m2/repository/com/google/errorprone/error_prone_annotations/2.0.18/error_prone_annotations-2.0.18.jar:/Users/vinita.mahajan/.m2/repository/com/google/j2objc/j2objc-annotations/1.1/j2objc-annotations-1.1.jar:/Users/vinita.mahajan/.m2/repository/org/codehaus/mojo/animal-sniffer-annotations/1.14/animal-sniffer-annotations-1.14.jar:/Users/vinita.mahajan/.m2/repository/com/codeborne/phantomjsdriver/1.2.1/phantomjsdriver-1.2.1.jar:/Users/vinita.mahajan/.m2/repository/io/rest-assured/rest-assured/4.3.3/rest-assured-4.3.3.jar:/Users/vinita.mahajan/.m2/repository/org/codehaus/groovy/groovy/3.0.7/groovy-3.0.7.jar:/Users/vinita.mahajan/.m2/repository/org/codehaus/groovy/groovy-xml/3.0.7/groovy-xml-3.0.7.jar:/Users/vinita.mahajan/.m2/repository/org/apache/httpcomponents/httpclient/4.5.3/httpclient-4.5.3.jar:/Users/vinita.mahajan/.m2/repository/org/apache/httpcomponents/httpcore/4.4.6/httpcore-4.4.6.jar:/Users/vinita.mahajan/.m2/repository/org/apache/httpcomponents/httpmime/4.5.3/httpmime-4.5.3.jar:/Users/vinita.mahajan/.m2/repository/org/hamcrest/hamcrest/2.1/hamcrest-2.1.jar:/Users/vinita.mahajan/.m2/repository/org/ccil/cowan/tagsoup/tagsoup/1.2.1/tagsoup-1.2.1.jar:/Users/vinita.mahajan/.m2/repository/io/rest-assured/json-path/4.3.3/json-path-4.3.3.jar:/Users/vinita.mahajan/.m2/repository/org/codehaus/groovy/groovy-json/3.0.7/groovy-json-3.0.7.jar:/Users/vinita.mahajan/.m2/repository/io/rest-assured/rest-assured-common/4.3.3/rest-assured-common-4.3.3.jar:/Users/vinita.mahajan/.m2/repository/io/rest-assured/xml-path/4.3.3/xml-path-4.3.3.jar:/Users/vinita.mahajan/.m2/repository/jakarta/xml/bind/jakarta.xml.bind-api/2.3.3/jakarta.xml.bind-api-2.3.3.jar:/Users/vinita.mahajan/.m2/repository/jakarta/activation/jakarta.activation-api/1.2.2/jakarta.activation-api-1.2.2.jar:/Users/vinita.mahajan/.m2/repository/com/sun/xml/bind/jaxb-impl/2.3.3/jaxb-impl-2.3.3.jar:/Users/vinita.mahajan/.m2/repository/commons-io/commons-io/2.6/commons-io-2.6.jar:/Users/vinita.mahajan/.m2/repository/org/apache/commons/commons-lang3/3.4/commons-lang3-3.4.jar:/Users/vinita.mahajan/.m2/repository/joda-time/joda-time/2.5/joda-time-2.5.jar:/Users/vinita.mahajan/.m2/repository/org/slf4j/slf4j-api/1.7.21/slf4j-api-1.7.21.jar:/Users/vinita.mahajan/.m2/repository/org/slf4j/slf4j-simple/1.7.21/slf4j-simple-1.7.21.jar:/Users/vinita.mahajan/.m2/repository/org/projectlombok/lombok/1.18.8/lombok-1.18.8.jar:/Users/vinita.mahajan/.m2/repository/io/appium/java-client/7.5.1/java-client-7.5.1.jar:/Users/vinita.mahajan/.m2/repository/com/google/code/gson/gson/2.8.6/gson-2.8.6.jar:/Users/vinita.mahajan/.m2/repository/cglib/cglib/3.3.0/cglib-3.3.0.jar:/Users/vinita.mahajan/.m2/repository/org/ow2/asm/asm/7.1/asm-7.1.jar:/Users/vinita.mahajan/.m2/repository/commons-validator/commons-validator/1.7/commons-validator-1.7.jar:/Users/vinita.mahajan/.m2/repository/commons-beanutils/commons-beanutils/1.9.4/commons-beanutils-1.9.4.jar:/Users/vinita.mahajan/.m2/repository/commons-digester/commons-digester/2.1/commons-digester-2.1.jar:/Users/vinita.mahajan/.m2/repository/org/springframework/spring-context/5.3.4/spring-context-5.3.4.jar:/Users/vinita.mahajan/.m2/repository/org/springframework/spring-aop/5.3.4/spring-aop-5.3.4.jar:/Users/vinita.mahajan/.m2/repository/org/springframework/spring-beans/5.3.4/spring-beans-5.3.4.jar:/Users/vinita.mahajan/.m2/repository/org/springframework/spring-core/5.3.4/spring-core-5.3.4.jar:/Users/vinita.mahajan/.m2/repository/org/springframework/spring-jcl/5.3.4/spring-jcl-5.3.4.jar:/Users/vinita.mahajan/.m2/repository/org/springframework/spring-expression/5.3.4/spring-expression-5.3.4.jar:/Users/vinita.mahajan/.m2/repository/org/seleniumhq/selenium/selenium-remote-driver/3.141.59/selenium-remote-driver-3.141.59.jar:/Users/vinita.mahajan/.m2/repository/commons-dbutils/commons-dbutils/1.6/commons-dbutils-1.6.jar:/Users/vinita.mahajan/.m2/repository/mysql/mysql-connector-java/5.1.6/mysql-connector-java-5.1.6.jar:/Users/vinita.mahajan/.m2/repository/com/fasterxml/jackson/core/jackson-databind/2.9.10.1/jackson-databind-2.9.10.1.jar:/Users/vinita.mahajan/.m2/repository/com/fasterxml/jackson/core/jackson-annotations/2.9.10/jackson-annotations-2.9.10.jar:/Users/vinita.mahajan/.m2/repository/com/fasterxml/jackson/core/jackson-core/2.9.10/jackson-core-2.9.10.jar:/Users/vinita.mahajan/.m2/repository/org/seleniumhq/selenium/selenium-chrome-driver/3.141.59/selenium-chrome-driver-3.141.59.jar:/Users/vinita.mahajan/.m2/repository/org/seleniumhq/selenium/selenium-firefox-driver/3.141.59/selenium-firefox-driver-3.141.59.jar:/Users/vinita.mahajan/.m2/repository/io/github/bonigarcia/webdrivermanager/3.8.1/webdrivermanager-3.8.1.jar:/Users/vinita.mahajan/.m2/repository/org/rauschig/jarchivelib/1.0.0/jarchivelib-1.0.0.jar:/Users/vinita.mahajan/.m2/repository/org/jsoup/jsoup/1.11.3/jsoup-1.11.3.jar:/Users/vinita.mahajan/.m2/repository/net/masterthought/cucumber-reporting/5.2.0/cucumber-reporting-5.2.0.jar:/Users/vinita.mahajan/.m2/repository/com/fasterxml/jackson/datatype/jackson-datatype-jsr310/2.10.1/jackson-datatype-jsr310-2.10.1.jar:/Users/vinita.mahajan/.m2/repository/org/apache/velocity/velocity-engine-core/2.1/velocity-engine-core-2.1.jar:/Users/vinita.mahajan/.m2/repository/commons-collections/commons-collections/3.2.2/commons-collections-3.2.2.jar:/Users/vinita.mahajan/.m2/repository/org/codehaus/plexus/plexus-utils/3.3.0/plexus-utils-3.3.0.jar:/Users/vinita.mahajan/.m2/repository/com/googlecode/owasp-java-html-sanitizer/owasp-java-html-sanitizer/20191001.1/owasp-java-html-sanitizer-20191001.1.jar:/Users/vinita.mahajan/.m2/repository/commons-configuration/commons-configuration/1.10/commons-configuration-1.10.jar:/Users/vinita.mahajan/.m2/repository/com/aventstack/extentreports-cucumber4-adapter/1.0.12/extentreports-cucumber4-adapter-1.0.12.jar:/Users/vinita.mahajan/.m2/repository/com/aventstack/extentreports/4.1.5/extentreports-4.1.5.jar:/Users/vinita.mahajan/.m2/repository/org/mongodb/bson/3.12.0/bson-3.12.0.jar:/Users/vinita.mahajan/.m2/repository/io/cucumber/cucumber-java/4.7.4/cucumber-java-4.7.4.jar:/Users/vinita.mahajan/.m2/repository/io/cucumber/cucumber-core/4.7.4/cucumber-core-4.7.4.jar:/Users/vinita.mahajan/.m2/repository/io/cucumber/cucumber-expressions/7.0.2/cucumber-expressions-7.0.2.jar:/Users/vinita.mahajan/.m2/repository/io/cucumber/datatable/1.1.14/datatable-1.1.14.jar:/Users/vinita.mahajan/.m2/repository/io/cucumber/datatable-dependencies/1.1.14/datatable-dependencies-1.1.14.jar:/Users/vinita.mahajan/.m2/repository/org/apiguardian/apiguardian-api/1.1.0/apiguardian-api-1.1.0.jar:/Users/vinita.mahajan/.m2/repository/org/mongodb/mongodb-driver/3.3.0/mongodb-driver-3.3.0.jar:/Users/vinita.mahajan/.m2/repository/org/mongodb/mongodb-driver-core/3.3.0/mongodb-driver-core-3.3.0.jar:/Users/vinita.mahajan/.m2/repository/io/qameta/allure/allure-testng/2.12.1/allure-testng-2.12.1.jar:/Users/vinita.mahajan/.m2/repository/io/qameta/allure/allure-java-commons/2.12.1/allure-java-commons-2.12.1.jar:/Users/vinita.mahajan/.m2/repository/io/qameta/allure/allure-model/2.12.1/allure-model-2.12.1.jar:/Users/vinita.mahajan/.m2/repository/org/apache/tika/tika-core/1.20/tika-core-1.20.jar:/Users/vinita.mahajan/.m2/repository/org/jooq/joor-java-8/0.9.10/joor-java-8-0.9.10.jar:/Users/vinita.mahajan/.m2/repository/com/jayway/jsonpath/json-path/2.4.0/json-path-2.4.0.jar:/Users/vinita.mahajan/.m2/repository/net/minidev/json-smart/2.3/json-smart-2.3.jar:/Users/vinita.mahajan/.m2/repository/net/minidev/accessors-smart/1.2/accessors-smart-1.2.jar:/Users/vinita.mahajan/.m2/repository/org/freemarker/freemarker/2.3.30/freemarker-2.3.30.jar:/Users/vinita.mahajan/.m2/repository/org/apache/commons/commons-configuration2/2.7/commons-configuration2-2.7.jar:/Users/vinita.mahajan/.m2/repository/org/apache/commons/commons-text/1.8/commons-text-1.8.jar:/Users/vinita.mahajan/.m2/repository/commons-logging/commons-logging/1.2/commons-logging-1.2.jar:/Users/vinita.mahajan/.m2/repository/com/github/automatedowl/allure-environment-writer/1.0.0/allure-environment-writer-1.0.0.jar:/Users/vinita.mahajan/.m2/repository/org/apache/maven/surefire/surefire-junit47/3.0.0-M3/surefire-junit47-3.0.0-M3.jar:/Users/vinita.mahajan/.m2/repository/org/apache/maven/surefire/common-junit48/3.0.0-M3/common-junit48-3.0.0-M3.jar:/Users/vinita.mahajan/.m2/repository/org/apache/maven/surefire/common-junit4/3.0.0-M3/common-junit4-3.0.0-M3.jar:/Users/vinita.mahajan/.m2/repository/org/apache/maven/surefire/common-junit3/3.0.0-M3/common-junit3-3.0.0-M3.jar:/Users/vinita.mahajan/.m2/repository/org/apache/maven/surefire/common-java5/3.0.0-M3/common-java5-3.0.0-M3.jar:/Users/vinita.mahajan/.m2/repository/org/apache/maven/surefire/surefire-grouper/3.0.0-M3/surefire-grouper-3.0.0-M3.jar:/Users/vinita.mahajan/.m2/repository/org/apache/maven/surefire/surefire-api/3.0.0-M3/surefire-api-3.0.0-M3.jar:/Users/vinita.mahajan/.m2/repository/org/apache/maven/surefire/surefire-logger-api/3.0.0-M3/surefire-logger-api-3.0.0-M3.jar:/Users/vinita.mahajan/.m2/repository/org/aspectj/aspectjweaver/1.9.6/aspectjweaver-1.9.6.jar:/Users/vinita.mahajan/.m2/repository/org/apache/poi/poi/5.0.0/poi-5.0.0.jar:/Users/vinita.mahajan/.m2/repository/org/slf4j/jcl-over-slf4j/1.7.30/jcl-over-slf4j-1.7.30.jar:/Users/vinita.mahajan/.m2/repository/commons-codec/commons-codec/1.15/commons-codec-1.15.jar:/Users/vinita.mahajan/.m2/repository/org/apache/commons/commons-collections4/4.4/commons-collections4-4.4.jar:/Users/vinita.mahajan/.m2/repository/org/apache/commons/commons-math3/3.6.1/commons-math3-3.6.1.jar:/Users/vinita.mahajan/.m2/repository/com/zaxxer/SparseBitSet/1.2/SparseBitSet-1.2.jar:/Users/vinita.mahajan/.m2/repository/org/apache/poi/poi-ooxml/5.0.0/poi-ooxml-5.0.0.jar:/Users/vinita.mahajan/.m2/repository/org/apache/poi/poi-ooxml-lite/5.0.0/poi-ooxml-lite-5.0.0.jar:/Users/vinita.mahajan/.m2/repository/org/apache/xmlbeans/xmlbeans/4.0.0/xmlbeans-4.0.0.jar:/Users/vinita.mahajan/.m2/repository/org/apache/commons/commons-compress/1.20/commons-compress-1.20.jar:/Users/vinita.mahajan/.m2/repository/com/github/virtuald/curvesapi/1.06/curvesapi-1.06.jar:/Users/vinita.mahajan/.m2/repository/org/bouncycastle/bcpkix-jdk15on/1.68/bcpkix-jdk15on-1.68.jar:/Users/vinita.mahajan/.m2/repository/org/bouncycastle/bcprov-jdk15on/1.68/bcprov-jdk15on-1.68.jar:/Users/vinita.mahajan/.m2/repository/org/apache/santuario/xmlsec/2.2.1/xmlsec-2.2.1.jar:/Users/vinita.mahajan/.m2/repository/com/fasterxml/woodstox/woodstox-core/5.2.1/woodstox-core-5.2.1.jar:/Users/vinita.mahajan/.m2/repository/org/codehaus/woodstox/stax2-api/4.2/stax2-api-4.2.jar:/Users/vinita.mahajan/.m2/repository/org/apache/xmlgraphics/batik-all/1.13/batik-all-1.13.jar:/Users/vinita.mahajan/.m2/repository/org/apache/xmlgraphics/batik-anim/1.13/batik-anim-1.13.jar:/Users/vinita.mahajan/.m2/repository/org/apache/xmlgraphics/batik-shared-resources/1.13/batik-shared-resources-1.13.jar:/Users/vinita.mahajan/.m2/repository/xml-apis/xml-apis-ext/1.3.04/xml-apis-ext-1.3.04.jar:/Users/vinita.mahajan/.m2/repository/org/apache/xmlgraphics/batik-awt-util/1.13/batik-awt-util-1.13.jar:/Users/vinita.mahajan/.m2/repository/org/apache/xmlgraphics/xmlgraphics-commons/2.4/xmlgraphics-commons-2.4.jar:/Users/vinita.mahajan/.m2/repository/org/apache/xmlgraphics/batik-bridge/1.13/batik-bridge-1.13.jar:/Users/vinita.mahajan/.m2/repository/org/apache/xmlgraphics/batik-codec/1.13/batik-codec-1.13.jar:/Users/vinita.mahajan/.m2/repository/org/apache/xmlgraphics/batik-constants/1.13/batik-constants-1.13.jar:/Users/vinita.mahajan/.m2/repository/org/apache/xmlgraphics/batik-css/1.13/batik-css-1.13.jar:/Users/vinita.mahajan/.m2/repository/org/apache/xmlgraphics/batik-dom/1.13/batik-dom-1.13.jar:/Users/vinita.mahajan/.m2/repository/xalan/xalan/2.7.2/xalan-2.7.2.jar:/Users/vinita.mahajan/.m2/repository/xalan/serializer/2.7.2/serializer-2.7.2.jar:/Users/vinita.mahajan/.m2/repository/xml-apis/xml-apis/1.4.01/xml-apis-1.4.01.jar:/Users/vinita.mahajan/.m2/repository/org/apache/xmlgraphics/batik-ext/1.13/batik-ext-1.13.jar:/Users/vinita.mahajan/.m2/repository/org/apache/xmlgraphics/batik-extension/1.13/batik-extension-1.13.jar:/Users/vinita.mahajan/.m2/repository/org/apache/xmlgraphics/batik-gui-util/1.13/batik-gui-util-1.13.jar:/Users/vinita.mahajan/.m2/repository/org/apache/xmlgraphics/batik-gvt/1.13/batik-gvt-1.13.jar:/Users/vinita.mahajan/.m2/repository/org/apache/xmlgraphics/batik-i18n/1.13/batik-i18n-1.13.jar:/Users/vinita.mahajan/.m2/repository/org/apache/xmlgraphics/batik-parser/1.13/batik-parser-1.13.jar:/Users/vinita.mahajan/.m2/repository/org/apache/xmlgraphics/batik-rasterizer-ext/1.13/batik-rasterizer-ext-1.13.jar:/Users/vinita.mahajan/.m2/repository/org/apache/xmlgraphics/batik-rasterizer/1.13/batik-rasterizer-1.13.jar:/Users/vinita.mahajan/.m2/repository/org/apache/xmlgraphics/batik-script/1.13/batik-script-1.13.jar:/Users/vinita.mahajan/.m2/repository/org/apache/xmlgraphics/batik-slideshow/1.13/batik-slideshow-1.13.jar:/Users/vinita.mahajan/.m2/repository/org/apache/xmlgraphics/batik-squiggle-ext/1.13/batik-squiggle-ext-1.13.jar:/Users/vinita.mahajan/.m2/repository/org/apache/xmlgraphics/batik-squiggle/1.13/batik-squiggle-1.13.jar:/Users/vinita.mahajan/.m2/repository/org/apache/xmlgraphics/batik-svg-dom/1.13/batik-svg-dom-1.13.jar:/Users/vinita.mahajan/.m2/repository/org/apache/xmlgraphics/batik-svgbrowser/1.13/batik-svgbrowser-1.13.jar:/Users/vinita.mahajan/.m2/repository/org/apache/xmlgraphics/batik-svggen/1.13/batik-svggen-1.13.jar:/Users/vinita.mahajan/.m2/repository/org/apache/xmlgraphics/batik-svgpp/1.13/batik-svgpp-1.13.jar:/Users/vinita.mahajan/.m2/repository/org/apache/xmlgraphics/batik-svgrasterizer/1.13/batik-svgrasterizer-1.13.jar:/Users/vinita.mahajan/.m2/repository/org/apache/xmlgraphics/batik-swing/1.13/batik-swing-1.13.jar:/Users/vinita.mahajan/.m2/repository/org/apache/xmlgraphics/batik-transcoder/1.13/batik-transcoder-1.13.jar:/Users/vinita.mahajan/.m2/repository/org/apache/xmlgraphics/batik-util/1.13/batik-util-1.13.jar:/Users/vinita.mahajan/.m2/repository/org/apache/xmlgraphics/batik-ttf2svg/1.13/batik-ttf2svg-1.13.jar:/Users/vinita.mahajan/.m2/repository/org/apache/xmlgraphics/batik-xml/1.13/batik-xml-1.13.jar:/Users/vinita.mahajan/.m2/repository/de/rototor/pdfbox/graphics2d/0.30/graphics2d-0.30.jar:/Users/vinita.mahajan/.m2/repository/org/apache/pdfbox/pdfbox/2.0.22/pdfbox-2.0.22.jar:/Users/vinita.mahajan/.m2/repository/org/apache/pdfbox/fontbox/2.0.22/fontbox-2.0.22.jar:/Users/vinita.mahajan/.m2/repository/org/junit/jupiter/junit-jupiter/5.8.0-M1/junit-jupiter-5.8.0-M1.jar:/Users/vinita.mahajan/.m2/repository/org/junit/jupiter/junit-jupiter-api/5.8.0-M1/junit-jupiter-api-5.8.0-M1.jar:/Users/vinita.mahajan/.m2/repository/org/opentest4j/opentest4j/1.2.0/opentest4j-1.2.0.jar:/Users/vinita.mahajan/.m2/repository/org/junit/platform/junit-platform-commons/1.8.0-M1/junit-platform-commons-1.8.0-M1.jar:/Users/vinita.mahajan/.m2/repository/org/junit/jupiter/junit-jupiter-params/5.8.0-M1/junit-jupiter-params-5.8.0-M1.jar:/Users/vinita.mahajan/.m2/repository/org/junit/jupiter/junit-jupiter-engine/5.8.0-M1/junit-jupiter-engine-5.8.0-M1.jar:/Users/vinita.mahajan/.m2/repository/org/junit/platform/junit-platform-engine/1.8.0-M1/junit-platform-engine-1.8.0-M1.jar:/Users/vinita.mahajan/.m2/repository/org/jetbrains/kotlin/kotlin-stdlib-jdk8/1.4.20/kotlin-stdlib-jdk8-1.4.20.jar:/Users/vinita.mahajan/.m2/repository/org/jetbrains/kotlin/kotlin-stdlib/1.4.20/kotlin-stdlib-1.4.20.jar:/Users/vinita.mahajan/.m2/repository/org/jetbrains/kotlin/kotlin-stdlib-common/1.4.20/kotlin-stdlib-common-1.4.20.jar:/Users/vinita.mahajan/.m2/repository/org/jetbrains/annotations/13.0/annotations-13.0.jar:/Users/vinita.mahajan/.m2/repository/org/jetbrains/kotlin/kotlin-stdlib-jdk7/1.4.20/kotlin-stdlib-jdk7-1.4.20.jar:/Users/vinita.mahajan/.m2/repository/org/apache/maven/plugins/maven-project-info-reports-plugin/3.1.1/maven-project-info-reports-plugin-3.1.1.jar:/Users/vinita.mahajan/.m2/repository/org/apache/maven/reporting/maven-reporting-api/3.0/maven-reporting-api-3.0.jar:/Users/vinita.mahajan/.m2/repository/org/apache/maven/reporting/maven-reporting-impl/3.0.0/maven-reporting-impl-3.0.0.jar:/Users/vinita.mahajan/.m2/repository/org/apache/maven/shared/maven-shared-utils/3.2.0/maven-shared-utils-3.2.0.jar:/Users/vinita.mahajan/.m2/repository/org/apache/maven/maven-artifact/3.0/maven-artifact-3.0.jar:/Users/vinita.mahajan/.m2/repository/org/apache/maven/maven-core/3.0/maven-core-3.0.jar:/Users/vinita.mahajan/.m2/repository/org/apache/maven/maven-settings-builder/3.0/maven-settings-builder-3.0.jar:/Users/vinita.mahajan/.m2/repository/org/apache/maven/maven-model-builder/3.0/maven-model-builder-3.0.jar:/Users/vinita.mahajan/.m2/repository/org/apache/maven/maven-aether-provider/3.0/maven-aether-provider-3.0.jar:/Users/vinita.mahajan/.m2/repository/org/sonatype/aether/aether-impl/1.7/aether-impl-1.7.jar:/Users/vinita.mahajan/.m2/repository/org/sonatype/aether/aether-spi/1.7/aether-spi-1.7.jar:/Users/vinita.mahajan/.m2/repository/org/sonatype/aether/aether-api/1.7/aether-api-1.7.jar:/Users/vinita.mahajan/.m2/repository/org/sonatype/aether/aether-util/1.7/aether-util-1.7.jar:/Users/vinita.mahajan/.m2/repository/org/sonatype/sisu/sisu-inject-plexus/1.4.2/sisu-inject-plexus-1.4.2.jar:/Users/vinita.mahajan/.m2/repository/org/sonatype/sisu/sisu-inject-bean/1.4.2/sisu-inject-bean-1.4.2.jar:/Users/vinita.mahajan/.m2/repository/org/sonatype/sisu/sisu-guice/2.1.7/sisu-guice-2.1.7-noaop.jar:/Users/vinita.mahajan/.m2/repository/org/codehaus/plexus/plexus-classworlds/2.2.3/plexus-classworlds-2.2.3.jar:/Users/vinita.mahajan/.m2/repository/org/codehaus/plexus/plexus-component-annotations/1.5.5/plexus-component-annotations-1.5.5.jar:/Users/vinita.mahajan/.m2/repository/org/sonatype/plexus/plexus-sec-dispatcher/1.3/plexus-sec-dispatcher-1.3.jar:/Users/vinita.mahajan/.m2/repository/org/sonatype/plexus/plexus-cipher/1.4/plexus-cipher-1.4.jar:/Users/vinita.mahajan/.m2/repository/org/apache/maven/maven-model/3.0/maven-model-3.0.jar:/Users/vinita.mahajan/.m2/repository/org/apache/maven/maven-plugin-api/3.0/maven-plugin-api-3.0.jar:/Users/vinita.mahajan/.m2/repository/org/apache/maven/maven-repository-metadata/3.0/maven-repository-metadata-3.0.jar:/Users/vinita.mahajan/.m2/repository/org/apache/maven/maven-settings/3.0/maven-settings-3.0.jar:/Users/vinita.mahajan/.m2/repository/org/apache/maven/shared/maven-dependency-tree/2.2/maven-dependency-tree-2.2.jar:/Users/vinita.mahajan/.m2/repository/org/eclipse/aether/aether-util/0.9.0.M2/aether-util-0.9.0.M2.jar:/Users/vinita.mahajan/.m2/repository/org/apache/maven/shared/maven-shared-jar/1.2/maven-shared-jar-1.2.jar:/Users/vinita.mahajan/.m2/repository/org/codehaus/plexus/plexus-digest/1.0/plexus-digest-1.0.jar:/Users/vinita.mahajan/.m2/repository/org/codehaus/plexus/plexus-container-default/1.0-alpha-8/plexus-container-default-1.0-alpha-8.jar:/Users/vinita.mahajan/.m2/repository/classworlds/classworlds/1.1-alpha-2/classworlds-1.1-alpha-2.jar:/Users/vinita.mahajan/.m2/repository/org/apache/bcel/bcel/6.2/bcel-6.2.jar:/Users/vinita.mahajan/.m2/repository/org/apache/maven/shared/maven-common-artifact-filters/3.1.0/maven-common-artifact-filters-3.1.0.jar:/Users/vinita.mahajan/.m2/repository/org/apache/maven/shared/maven-artifact-transfer/0.12.0/maven-artifact-transfer-0.12.0.jar:/Users/vinita.mahajan/.m2/repository/org/apache/maven/scm/maven-scm-api/1.10.0/maven-scm-api-1.10.0.jar:/Users/vinita.mahajan/.m2/repository/org/apache/maven/scm/maven-scm-manager-plexus/1.10.0/maven-scm-manager-plexus-1.10.0.jar:/Users/vinita.mahajan/.m2/repository/org/apache/maven/scm/maven-scm-provider-hg/1.10.0/maven-scm-provider-hg-1.10.0.jar:/Users/vinita.mahajan/.m2/repository/org/apache/maven/scm/maven-scm-provider-perforce/1.10.0/maven-scm-provider-perforce-1.10.0.jar:/Users/vinita.mahajan/.m2/repository/org/apache/maven/scm/maven-scm-provider-starteam/1.10.0/maven-scm-provider-starteam-1.10.0.jar:/Users/vinita.mahajan/.m2/repository/org/apache/maven/scm/maven-scm-provider-svn-commons/1.10.0/maven-scm-provider-svn-commons-1.10.0.jar:/Users/vinita.mahajan/.m2/repository/org/apache/maven/scm/maven-scm-provider-svnexe/1.10.0/maven-scm-provider-svnexe-1.10.0.jar:/Users/vinita.mahajan/.m2/repository/org/apache/maven/scm/maven-scm-provider-cvs-commons/1.10.0/maven-scm-provider-cvs-commons-1.10.0.jar:/Users/vinita.mahajan/.m2/repository/org/apache/maven/scm/maven-scm-provider-cvsexe/1.10.0/maven-scm-provider-cvsexe-1.10.0.jar:/Users/vinita.mahajan/.m2/repository/org/apache/maven/scm/maven-scm-provider-cvsjava/1.10.0/maven-scm-provider-cvsjava-1.10.0.jar:/Users/vinita.mahajan/.m2/repository/org/netbeans/lib/cvsclient/20060125/cvsclient-20060125.jar:/Users/vinita.mahajan/.m2/repository/ch/ethz/ganymed/ganymed-ssh2/build210/ganymed-ssh2-build210.jar:/Users/vinita.mahajan/.m2/repository/org/apache/maven/scm/maven-scm-provider-git-commons/1.10.0/maven-scm-provider-git-commons-1.10.0.jar:/Users/vinita.mahajan/.m2/repository/org/apache/maven/scm/maven-scm-provider-gitexe/1.10.0/maven-scm-provider-gitexe-1.10.0.jar:/Users/vinita.mahajan/.m2/repository/org/apache/maven/doxia/doxia-sink-api/1.9.1/doxia-sink-api-1.9.1.jar:/Users/vinita.mahajan/.m2/repository/org/apache/maven/doxia/doxia-logging-api/1.9.1/doxia-logging-api-1.9.1.jar:/Users/vinita.mahajan/.m2/repository/org/apache/maven/doxia/doxia-core/1.9.1/doxia-core-1.9.1.jar:/Users/vinita.mahajan/.m2/repository/org/apache/maven/doxia/doxia-decoration-model/1.9.2/doxia-decoration-model-1.9.2.jar:/Users/vinita.mahajan/.m2/repository/org/apache/maven/doxia/doxia-site-renderer/1.9.2/doxia-site-renderer-1.9.2.jar:/Users/vinita.mahajan/.m2/repository/org/apache/maven/doxia/doxia-skin-model/1.9.2/doxia-skin-model-1.9.2.jar:/Users/vinita.mahajan/.m2/repository/org/apache/maven/doxia/doxia-module-xhtml/1.9.1/doxia-module-xhtml-1.9.1.jar:/Users/vinita.mahajan/.m2/repository/org/apache/maven/doxia/doxia-module-xhtml5/1.9.1/doxia-module-xhtml5-1.9.1.jar:/Users/vinita.mahajan/.m2/repository/org/codehaus/plexus/plexus-velocity/1.2/plexus-velocity-1.2.jar:/Users/vinita.mahajan/.m2/repository/org/apache/velocity/velocity-tools/2.0/velocity-tools-2.0.jar:/Users/vinita.mahajan/.m2/repository/commons-chain/commons-chain/1.1/commons-chain-1.1.jar:/Users/vinita.mahajan/.m2/repository/dom4j/dom4j/1.1/dom4j-1.1.jar:/Users/vinita.mahajan/.m2/repository/oro/oro/2.0.8/oro-2.0.8.jar:/Users/vinita.mahajan/.m2/repository/org/apache/maven/doxia/doxia-integration-tools/1.9.2/doxia-integration-tools-1.9.2.jar:/Users/vinita.mahajan/.m2/repository/org/codehaus/plexus/plexus-i18n/1.0-beta-10/plexus-i18n-1.0-beta-10.jar:/Users/vinita.mahajan/.m2/repository/org/codehaus/plexus/plexus-interpolation/1.26/plexus-interpolation-1.26.jar:"/>
    <property name="java.vm.vendor" value="Oracle Corporation"/>
    <property name="deviceName" value="emulator-5554"/>
    <property name="sun.arch.data.model" value="64"/>
    <property name="java.vendor.url" value="https://java.oracle.com/"/>
    <property name="os.name" value="Mac OS X"/>
    <property name="java.vm.specification.version" value="14"/>
    <property name="sun.java.launcher" value="SUN_STANDARD"/>
    <property name="user.country" value="IN"/>
    <property name="sun.boot.library.path" value="/Library/Java/JavaVirtualMachines/jdk-14.0.2.jdk/Contents/Home/lib"/>
    <property name="sun.java.command" value="/Users/vinita.mahajan/Documents/midTrans/target/surefire/surefirebooter2303366343519416843.jar /Users/vinita.mahajan/Documents/midTrans/target/surefire 2021-04-13T22-39-35_764-jvmRun1 surefire11479591289158562904tmp surefire_011798230750245417687tmp"/>
    <property name="http.nonProxyHosts" value="local|*.local|169.254/16|*.169.254/16"/>
    <property name="jdk.debug" value="release"/>
    <property name="surefire.test.class.path" value="/Users/vinita.mahajan/Documents/midTrans/target/test-classes:/Users/vinita.mahajan/Documents/midTrans/target/classes:/Users/vinita.mahajan/.m2/repository/org/seleniumhq/selenium/selenium-java/3.141.59/selenium-java-3.141.59.jar:/Users/vinita.mahajan/.m2/repository/org/seleniumhq/selenium/selenium-api/3.141.59/selenium-api-3.141.59.jar:/Users/vinita.mahajan/.m2/repository/org/seleniumhq/selenium/selenium-edge-driver/3.141.59/selenium-edge-driver-3.141.59.jar:/Users/vinita.mahajan/.m2/repository/org/seleniumhq/selenium/selenium-ie-driver/3.141.59/selenium-ie-driver-3.141.59.jar:/Users/vinita.mahajan/.m2/repository/org/seleniumhq/selenium/selenium-opera-driver/3.141.59/selenium-opera-driver-3.141.59.jar:/Users/vinita.mahajan/.m2/repository/org/seleniumhq/selenium/selenium-safari-driver/3.141.59/selenium-safari-driver-3.141.59.jar:/Users/vinita.mahajan/.m2/repository/org/seleniumhq/selenium/selenium-support/3.141.59/selenium-support-3.141.59.jar:/Users/vinita.mahajan/.m2/repository/net/bytebuddy/byte-buddy/1.8.15/byte-buddy-1.8.15.jar:/Users/vinita.mahajan/.m2/repository/org/apache/commons/commons-exec/1.3/commons-exec-1.3.jar:/Users/vinita.mahajan/.m2/repository/com/squareup/okhttp3/okhttp/3.11.0/okhttp-3.11.0.jar:/Users/vinita.mahajan/.m2/repository/com/squareup/okio/okio/1.14.0/okio-1.14.0.jar:/Users/vinita.mahajan/.m2/repository/org/testng/testng/6.14.3/testng-6.14.3.jar:/Users/vinita.mahajan/.m2/repository/com/beust/jcommander/1.72/jcommander-1.72.jar:/Users/vinita.mahajan/.m2/repository/org/apache-extras/beanshell/bsh/2.0b6/bsh-2.0b6.jar:/Users/vinita.mahajan/.m2/repository/com/github/temyers/cucumber-jvm-parallel-plugin/5.0.0/cucumber-jvm-parallel-plugin-5.0.0.jar:/Users/vinita.mahajan/.m2/repository/org/apache/velocity/velocity/1.7/velocity-1.7.jar:/Users/vinita.mahajan/.m2/repository/commons-lang/commons-lang/2.4/commons-lang-2.4.jar:/Users/vinita.mahajan/.m2/repository/io/cucumber/gherkin/5.0.0/gherkin-5.0.0.jar:/Users/vinita.mahajan/.m2/repository/io/cucumber/gherkin-jvm-deps/1.0.4/gherkin-jvm-deps-1.0.4.jar:/Users/vinita.mahajan/.m2/repository/io/cucumber/tag-expressions/1.1.1/tag-expressions-1.1.1.jar:/Users/vinita.mahajan/.m2/repository/junit/junit/4.12/junit-4.12.jar:/Users/vinita.mahajan/.m2/repository/org/hamcrest/hamcrest-core/1.3/hamcrest-core-1.3.jar:/Users/vinita.mahajan/.m2/repository/org/assertj/assertj-core/3.12.1/assertj-core-3.12.1.jar:/Users/vinita.mahajan/.m2/repository/org/seleniumhq/selenium/selenium-server/3.141.59/selenium-server-3.141.59.jar:/Users/vinita.mahajan/.m2/repository/net/jcip/jcip-annotations/1.0/jcip-annotations-1.0.jar:/Users/vinita.mahajan/.m2/repository/org/seleniumhq/selenium/jetty-repacked/9.4.12.v20180830/jetty-repacked-9.4.12.v20180830.jar:/Users/vinita.mahajan/.m2/repository/javax/servlet/javax.servlet-api/3.1.0/javax.servlet-api-3.1.0.jar:/Users/vinita.mahajan/.m2/repository/org/yaml/snakeyaml/1.19/snakeyaml-1.19.jar:/Users/vinita.mahajan/.m2/repository/com/google/guava/guava/23.0/guava-23.0.jar:/Users/vinita.mahajan/.m2/repository/com/google/code/findbugs/jsr305/1.3.9/jsr305-1.3.9.jar:/Users/vinita.mahajan/.m2/repository/com/google/errorprone/error_prone_annotations/2.0.18/error_prone_annotations-2.0.18.jar:/Users/vinita.mahajan/.m2/repository/com/google/j2objc/j2objc-annotations/1.1/j2objc-annotations-1.1.jar:/Users/vinita.mahajan/.m2/repository/org/codehaus/mojo/animal-sniffer-annotations/1.14/animal-sniffer-annotations-1.14.jar:/Users/vinita.mahajan/.m2/repository/com/codeborne/phantomjsdriver/1.2.1/phantomjsdriver-1.2.1.jar:/Users/vinita.mahajan/.m2/repository/io/rest-assured/rest-assured/4.3.3/rest-assured-4.3.3.jar:/Users/vinita.mahajan/.m2/repository/org/codehaus/groovy/groovy/3.0.7/groovy-3.0.7.jar:/Users/vinita.mahajan/.m2/repository/org/codehaus/groovy/groovy-xml/3.0.7/groovy-xml-3.0.7.jar:/Users/vinita.mahajan/.m2/repository/org/apache/httpcomponents/httpclient/4.5.3/httpclient-4.5.3.jar:/Users/vinita.mahajan/.m2/repository/org/apache/httpcomponents/httpcore/4.4.6/httpcore-4.4.6.jar:/Users/vinita.mahajan/.m2/repository/org/apache/httpcomponents/httpmime/4.5.3/httpmime-4.5.3.jar:/Users/vinita.mahajan/.m2/repository/org/hamcrest/hamcrest/2.1/hamcrest-2.1.jar:/Users/vinita.mahajan/.m2/repository/org/ccil/cowan/tagsoup/tagsoup/1.2.1/tagsoup-1.2.1.jar:/Users/vinita.mahajan/.m2/repository/io/rest-assured/json-path/4.3.3/json-path-4.3.3.jar:/Users/vinita.mahajan/.m2/repository/org/codehaus/groovy/groovy-json/3.0.7/groovy-json-3.0.7.jar:/Users/vinita.mahajan/.m2/repository/io/rest-assured/rest-assured-common/4.3.3/rest-assured-common-4.3.3.jar:/Users/vinita.mahajan/.m2/repository/io/rest-assured/xml-path/4.3.3/xml-path-4.3.3.jar:/Users/vinita.mahajan/.m2/repository/jakarta/xml/bind/jakarta.xml.bind-api/2.3.3/jakarta.xml.bind-api-2.3.3.jar:/Users/vinita.mahajan/.m2/repository/jakarta/activation/jakarta.activation-api/1.2.2/jakarta.activation-api-1.2.2.jar:/Users/vinita.mahajan/.m2/repository/com/sun/xml/bind/jaxb-impl/2.3.3/jaxb-impl-2.3.3.jar:/Users/vinita.mahajan/.m2/repository/commons-io/commons-io/2.6/commons-io-2.6.jar:/Users/vinita.mahajan/.m2/repository/org/apache/commons/commons-lang3/3.4/commons-lang3-3.4.jar:/Users/vinita.mahajan/.m2/repository/joda-time/joda-time/2.5/joda-time-2.5.jar:/Users/vinita.mahajan/.m2/repository/org/slf4j/slf4j-api/1.7.21/slf4j-api-1.7.21.jar:/Users/vinita.mahajan/.m2/repository/org/slf4j/slf4j-simple/1.7.21/slf4j-simple-1.7.21.jar:/Users/vinita.mahajan/.m2/repository/org/projectlombok/lombok/1.18.8/lombok-1.18.8.jar:/Users/vinita.mahajan/.m2/repository/io/appium/java-client/7.5.1/java-client-7.5.1.jar:/Users/vinita.mahajan/.m2/repository/com/google/code/gson/gson/2.8.6/gson-2.8.6.jar:/Users/vinita.mahajan/.m2/repository/cglib/cglib/3.3.0/cglib-3.3.0.jar:/Users/vinita.mahajan/.m2/repository/org/ow2/asm/asm/7.1/asm-7.1.jar:/Users/vinita.mahajan/.m2/repository/commons-validator/commons-validator/1.7/commons-validator-1.7.jar:/Users/vinita.mahajan/.m2/repository/commons-beanutils/commons-beanutils/1.9.4/commons-beanutils-1.9.4.jar:/Users/vinita.mahajan/.m2/repository/commons-digester/commons-digester/2.1/commons-digester-2.1.jar:/Users/vinita.mahajan/.m2/repository/org/springframework/spring-context/5.3.4/spring-context-5.3.4.jar:/Users/vinita.mahajan/.m2/repository/org/springframework/spring-aop/5.3.4/spring-aop-5.3.4.jar:/Users/vinita.mahajan/.m2/repository/org/springframework/spring-beans/5.3.4/spring-beans-5.3.4.jar:/Users/vinita.mahajan/.m2/repository/org/springframework/spring-core/5.3.4/spring-core-5.3.4.jar:/Users/vinita.mahajan/.m2/repository/org/springframework/spring-jcl/5.3.4/spring-jcl-5.3.4.jar:/Users/vinita.mahajan/.m2/repository/org/springframework/spring-expression/5.3.4/spring-expression-5.3.4.jar:/Users/vinita.mahajan/.m2/repository/org/seleniumhq/selenium/selenium-remote-driver/3.141.59/selenium-remote-driver-3.141.59.jar:/Users/vinita.mahajan/.m2/repository/commons-dbutils/commons-dbutils/1.6/commons-dbutils-1.6.jar:/Users/vinita.mahajan/.m2/repository/mysql/mysql-connector-java/5.1.6/mysql-connector-java-5.1.6.jar:/Users/vinita.mahajan/.m2/repository/com/fasterxml/jackson/core/jackson-databind/2.9.10.1/jackson-databind-2.9.10.1.jar:/Users/vinita.mahajan/.m2/repository/com/fasterxml/jackson/core/jackson-annotations/2.9.10/jackson-annotations-2.9.10.jar:/Users/vinita.mahajan/.m2/repository/com/fasterxml/jackson/core/jackson-core/2.9.10/jackson-core-2.9.10.jar:/Users/vinita.mahajan/.m2/repository/org/seleniumhq/selenium/selenium-chrome-driver/3.141.59/selenium-chrome-driver-3.141.59.jar:/Users/vinita.mahajan/.m2/repository/org/seleniumhq/selenium/selenium-firefox-driver/3.141.59/selenium-firefox-driver-3.141.59.jar:/Users/vinita.mahajan/.m2/repository/io/github/bonigarcia/webdrivermanager/3.8.1/webdrivermanager-3.8.1.jar:/Users/vinita.mahajan/.m2/repository/org/rauschig/jarchivelib/1.0.0/jarchivelib-1.0.0.jar:/Users/vinita.mahajan/.m2/repository/org/jsoup/jsoup/1.11.3/jsoup-1.11.3.jar:/Users/vinita.mahajan/.m2/repository/net/masterthought/cucumber-reporting/5.2.0/cucumber-reporting-5.2.0.jar:/Users/vinita.mahajan/.m2/repository/com/fasterxml/jackson/datatype/jackson-datatype-jsr310/2.10.1/jackson-datatype-jsr310-2.10.1.jar:/Users/vinita.mahajan/.m2/repository/org/apache/velocity/velocity-engine-core/2.1/velocity-engine-core-2.1.jar:/Users/vinita.mahajan/.m2/repository/commons-collections/commons-collections/3.2.2/commons-collections-3.2.2.jar:/Users/vinita.mahajan/.m2/repository/org/codehaus/plexus/plexus-utils/3.3.0/plexus-utils-3.3.0.jar:/Users/vinita.mahajan/.m2/repository/com/googlecode/owasp-java-html-sanitizer/owasp-java-html-sanitizer/20191001.1/owasp-java-html-sanitizer-20191001.1.jar:/Users/vinita.mahajan/.m2/repository/commons-configuration/commons-configuration/1.10/commons-configuration-1.10.jar:/Users/vinita.mahajan/.m2/repository/com/aventstack/extentreports-cucumber4-adapter/1.0.12/extentreports-cucumber4-adapter-1.0.12.jar:/Users/vinita.mahajan/.m2/repository/com/aventstack/extentreports/4.1.5/extentreports-4.1.5.jar:/Users/vinita.mahajan/.m2/repository/org/mongodb/bson/3.12.0/bson-3.12.0.jar:/Users/vinita.mahajan/.m2/repository/io/cucumber/cucumber-java/4.7.4/cucumber-java-4.7.4.jar:/Users/vinita.mahajan/.m2/repository/io/cucumber/cucumber-core/4.7.4/cucumber-core-4.7.4.jar:/Users/vinita.mahajan/.m2/repository/io/cucumber/cucumber-expressions/7.0.2/cucumber-expressions-7.0.2.jar:/Users/vinita.mahajan/.m2/repository/io/cucumber/datatable/1.1.14/datatable-1.1.14.jar:/Users/vinita.mahajan/.m2/repository/io/cucumber/datatable-dependencies/1.1.14/datatable-dependencies-1.1.14.jar:/Users/vinita.mahajan/.m2/repository/org/apiguardian/apiguardian-api/1.1.0/apiguardian-api-1.1.0.jar:/Users/vinita.mahajan/.m2/repository/org/mongodb/mongodb-driver/3.3.0/mongodb-driver-3.3.0.jar:/Users/vinita.mahajan/.m2/repository/org/mongodb/mongodb-driver-core/3.3.0/mongodb-driver-core-3.3.0.jar:/Users/vinita.mahajan/.m2/repository/io/qameta/allure/allure-testng/2.12.1/allure-testng-2.12.1.jar:/Users/vinita.mahajan/.m2/repository/io/qameta/allure/allure-java-commons/2.12.1/allure-java-commons-2.12.1.jar:/Users/vinita.mahajan/.m2/repository/io/qameta/allure/allure-model/2.12.1/allure-model-2.12.1.jar:/Users/vinita.mahajan/.m2/repository/org/apache/tika/tika-core/1.20/tika-core-1.20.jar:/Users/vinita.mahajan/.m2/repository/org/jooq/joor-java-8/0.9.10/joor-java-8-0.9.10.jar:/Users/vinita.mahajan/.m2/repository/com/jayway/jsonpath/json-path/2.4.0/json-path-2.4.0.jar:/Users/vinita.mahajan/.m2/repository/net/minidev/json-smart/2.3/json-smart-2.3.jar:/Users/vinita.mahajan/.m2/repository/net/minidev/accessors-smart/1.2/accessors-smart-1.2.jar:/Users/vinita.mahajan/.m2/repository/org/freemarker/freemarker/2.3.30/freemarker-2.3.30.jar:/Users/vinita.mahajan/.m2/repository/org/apache/commons/commons-configuration2/2.7/commons-configuration2-2.7.jar:/Users/vinita.mahajan/.m2/repository/org/apache/commons/commons-text/1.8/commons-text-1.8.jar:/Users/vinita.mahajan/.m2/repository/commons-logging/commons-logging/1.2/commons-logging-1.2.jar:/Users/vinita.mahajan/.m2/repository/com/github/automatedowl/allure-environment-writer/1.0.0/allure-environment-writer-1.0.0.jar:/Users/vinita.mahajan/.m2/repository/org/apache/maven/surefire/surefire-junit47/3.0.0-M3/surefire-junit47-3.0.0-M3.jar:/Users/vinita.mahajan/.m2/repository/org/apache/maven/surefire/common-junit48/3.0.0-M3/common-junit48-3.0.0-M3.jar:/Users/vinita.mahajan/.m2/repository/org/apache/maven/surefire/common-junit4/3.0.0-M3/common-junit4-3.0.0-M3.jar:/Users/vinita.mahajan/.m2/repository/org/apache/maven/surefire/common-junit3/3.0.0-M3/common-junit3-3.0.0-M3.jar:/Users/vinita.mahajan/.m2/repository/org/apache/maven/surefire/common-java5/3.0.0-M3/common-java5-3.0.0-M3.jar:/Users/vinita.mahajan/.m2/repository/org/apache/maven/surefire/surefire-grouper/3.0.0-M3/surefire-grouper-3.0.0-M3.jar:/Users/vinita.mahajan/.m2/repository/org/apache/maven/surefire/surefire-api/3.0.0-M3/surefire-api-3.0.0-M3.jar:/Users/vinita.mahajan/.m2/repository/org/apache/maven/surefire/surefire-logger-api/3.0.0-M3/surefire-logger-api-3.0.0-M3.jar:/Users/vinita.mahajan/.m2/repository/org/aspectj/aspectjweaver/1.9.6/aspectjweaver-1.9.6.jar:/Users/vinita.mahajan/.m2/repository/org/apache/poi/poi/5.0.0/poi-5.0.0.jar:/Users/vinita.mahajan/.m2/repository/org/slf4j/jcl-over-slf4j/1.7.30/jcl-over-slf4j-1.7.30.jar:/Users/vinita.mahajan/.m2/repository/commons-codec/commons-codec/1.15/commons-codec-1.15.jar:/Users/vinita.mahajan/.m2/repository/org/apache/commons/commons-collections4/4.4/commons-collections4-4.4.jar:/Users/vinita.mahajan/.m2/repository/org/apache/commons/commons-math3/3.6.1/commons-math3-3.6.1.jar:/Users/vinita.mahajan/.m2/repository/com/zaxxer/SparseBitSet/1.2/SparseBitSet-1.2.jar:/Users/vinita.mahajan/.m2/repository/org/apache/poi/poi-ooxml/5.0.0/poi-ooxml-5.0.0.jar:/Users/vinita.mahajan/.m2/repository/org/apache/poi/poi-ooxml-lite/5.0.0/poi-ooxml-lite-5.0.0.jar:/Users/vinita.mahajan/.m2/repository/org/apache/xmlbeans/xmlbeans/4.0.0/xmlbeans-4.0.0.jar:/Users/vinita.mahajan/.m2/repository/org/apache/commons/commons-compress/1.20/commons-compress-1.20.jar:/Users/vinita.mahajan/.m2/repository/com/github/virtuald/curvesapi/1.06/curvesapi-1.06.jar:/Users/vinita.mahajan/.m2/repository/org/bouncycastle/bcpkix-jdk15on/1.68/bcpkix-jdk15on-1.68.jar:/Users/vinita.mahajan/.m2/repository/org/bouncycastle/bcprov-jdk15on/1.68/bcprov-jdk15on-1.68.jar:/Users/vinita.mahajan/.m2/repository/org/apache/santuario/xmlsec/2.2.1/xmlsec-2.2.1.jar:/Users/vinita.mahajan/.m2/repository/com/fasterxml/woodstox/woodstox-core/5.2.1/woodstox-core-5.2.1.jar:/Users/vinita.mahajan/.m2/repository/org/codehaus/woodstox/stax2-api/4.2/stax2-api-4.2.jar:/Users/vinita.mahajan/.m2/repository/org/apache/xmlgraphics/batik-all/1.13/batik-all-1.13.jar:/Users/vinita.mahajan/.m2/repository/org/apache/xmlgraphics/batik-anim/1.13/batik-anim-1.13.jar:/Users/vinita.mahajan/.m2/repository/org/apache/xmlgraphics/batik-shared-resources/1.13/batik-shared-resources-1.13.jar:/Users/vinita.mahajan/.m2/repository/xml-apis/xml-apis-ext/1.3.04/xml-apis-ext-1.3.04.jar:/Users/vinita.mahajan/.m2/repository/org/apache/xmlgraphics/batik-awt-util/1.13/batik-awt-util-1.13.jar:/Users/vinita.mahajan/.m2/repository/org/apache/xmlgraphics/xmlgraphics-commons/2.4/xmlgraphics-commons-2.4.jar:/Users/vinita.mahajan/.m2/repository/org/apache/xmlgraphics/batik-bridge/1.13/batik-bridge-1.13.jar:/Users/vinita.mahajan/.m2/repository/org/apache/xmlgraphics/batik-codec/1.13/batik-codec-1.13.jar:/Users/vinita.mahajan/.m2/repository/org/apache/xmlgraphics/batik-constants/1.13/batik-constants-1.13.jar:/Users/vinita.mahajan/.m2/repository/org/apache/xmlgraphics/batik-css/1.13/batik-css-1.13.jar:/Users/vinita.mahajan/.m2/repository/org/apache/xmlgraphics/batik-dom/1.13/batik-dom-1.13.jar:/Users/vinita.mahajan/.m2/repository/xalan/xalan/2.7.2/xalan-2.7.2.jar:/Users/vinita.mahajan/.m2/repository/xalan/serializer/2.7.2/serializer-2.7.2.jar:/Users/vinita.mahajan/.m2/repository/xml-apis/xml-apis/1.4.01/xml-apis-1.4.01.jar:/Users/vinita.mahajan/.m2/repository/org/apache/xmlgraphics/batik-ext/1.13/batik-ext-1.13.jar:/Users/vinita.mahajan/.m2/repository/org/apache/xmlgraphics/batik-extension/1.13/batik-extension-1.13.jar:/Users/vinita.mahajan/.m2/repository/org/apache/xmlgraphics/batik-gui-util/1.13/batik-gui-util-1.13.jar:/Users/vinita.mahajan/.m2/repository/org/apache/xmlgraphics/batik-gvt/1.13/batik-gvt-1.13.jar:/Users/vinita.mahajan/.m2/repository/org/apache/xmlgraphics/batik-i18n/1.13/batik-i18n-1.13.jar:/Users/vinita.mahajan/.m2/repository/org/apache/xmlgraphics/batik-parser/1.13/batik-parser-1.13.jar:/Users/vinita.mahajan/.m2/repository/org/apache/xmlgraphics/batik-rasterizer-ext/1.13/batik-rasterizer-ext-1.13.jar:/Users/vinita.mahajan/.m2/repository/org/apache/xmlgraphics/batik-rasterizer/1.13/batik-rasterizer-1.13.jar:/Users/vinita.mahajan/.m2/repository/org/apache/xmlgraphics/batik-script/1.13/batik-script-1.13.jar:/Users/vinita.mahajan/.m2/repository/org/apache/xmlgraphics/batik-slideshow/1.13/batik-slideshow-1.13.jar:/Users/vinita.mahajan/.m2/repository/org/apache/xmlgraphics/batik-squiggle-ext/1.13/batik-squiggle-ext-1.13.jar:/Users/vinita.mahajan/.m2/repository/org/apache/xmlgraphics/batik-squiggle/1.13/batik-squiggle-1.13.jar:/Users/vinita.mahajan/.m2/repository/org/apache/xmlgraphics/batik-svg-dom/1.13/batik-svg-dom-1.13.jar:/Users/vinita.mahajan/.m2/repository/org/apache/xmlgraphics/batik-svgbrowser/1.13/batik-svgbrowser-1.13.jar:/Users/vinita.mahajan/.m2/repository/org/apache/xmlgraphics/batik-svggen/1.13/batik-svggen-1.13.jar:/Users/vinita.mahajan/.m2/repository/org/apache/xmlgraphics/batik-svgpp/1.13/batik-svgpp-1.13.jar:/Users/vinita.mahajan/.m2/repository/org/apache/xmlgraphics/batik-svgrasterizer/1.13/batik-svgrasterizer-1.13.jar:/Users/vinita.mahajan/.m2/repository/org/apache/xmlgraphics/batik-swing/1.13/batik-swing-1.13.jar:/Users/vinita.mahajan/.m2/repository/org/apache/xmlgraphics/batik-transcoder/1.13/batik-transcoder-1.13.jar:/Users/vinita.mahajan/.m2/repository/org/apache/xmlgraphics/batik-util/1.13/batik-util-1.13.jar:/Users/vinita.mahajan/.m2/repository/org/apache/xmlgraphics/batik-ttf2svg/1.13/batik-ttf2svg-1.13.jar:/Users/vinita.mahajan/.m2/repository/org/apache/xmlgraphics/batik-xml/1.13/batik-xml-1.13.jar:/Users/vinita.mahajan/.m2/repository/de/rototor/pdfbox/graphics2d/0.30/graphics2d-0.30.jar:/Users/vinita.mahajan/.m2/repository/org/apache/pdfbox/pdfbox/2.0.22/pdfbox-2.0.22.jar:/Users/vinita.mahajan/.m2/repository/org/apache/pdfbox/fontbox/2.0.22/fontbox-2.0.22.jar:/Users/vinita.mahajan/.m2/repository/org/junit/jupiter/junit-jupiter/5.8.0-M1/junit-jupiter-5.8.0-M1.jar:/Users/vinita.mahajan/.m2/repository/org/junit/jupiter/junit-jupiter-api/5.8.0-M1/junit-jupiter-api-5.8.0-M1.jar:/Users/vinita.mahajan/.m2/repository/org/opentest4j/opentest4j/1.2.0/opentest4j-1.2.0.jar:/Users/vinita.mahajan/.m2/repository/org/junit/platform/junit-platform-commons/1.8.0-M1/junit-platform-commons-1.8.0-M1.jar:/Users/vinita.mahajan/.m2/repository/org/junit/jupiter/junit-jupiter-params/5.8.0-M1/junit-jupiter-params-5.8.0-M1.jar:/Users/vinita.mahajan/.m2/repository/org/junit/jupiter/junit-jupiter-engine/5.8.0-M1/junit-jupiter-engine-5.8.0-M1.jar:/Users/vinita.mahajan/.m2/repository/org/junit/platform/junit-platform-engine/1.8.0-M1/junit-platform-engine-1.8.0-M1.jar:/Users/vinita.mahajan/.m2/repository/org/jetbrains/kotlin/kotlin-stdlib-jdk8/1.4.20/kotlin-stdlib-jdk8-1.4.20.jar:/Users/vinita.mahajan/.m2/repository/org/jetbrains/kotlin/kotlin-stdlib/1.4.20/kotlin-stdlib-1.4.20.jar:/Users/vinita.mahajan/.m2/repository/org/jetbrains/kotlin/kotlin-stdlib-common/1.4.20/kotlin-stdlib-common-1.4.20.jar:/Users/vinita.mahajan/.m2/repository/org/jetbrains/annotations/13.0/annotations-13.0.jar:/Users/vinita.mahajan/.m2/repository/org/jetbrains/kotlin/kotlin-stdlib-jdk7/1.4.20/kotlin-stdlib-jdk7-1.4.20.jar:/Users/vinita.mahajan/.m2/repository/org/apache/maven/plugins/maven-project-info-reports-plugin/3.1.1/maven-project-info-reports-plugin-3.1.1.jar:/Users/vinita.mahajan/.m2/repository/org/apache/maven/reporting/maven-reporting-api/3.0/maven-reporting-api-3.0.jar:/Users/vinita.mahajan/.m2/repository/org/apache/maven/reporting/maven-reporting-impl/3.0.0/maven-reporting-impl-3.0.0.jar:/Users/vinita.mahajan/.m2/repository/org/apache/maven/shared/maven-shared-utils/3.2.0/maven-shared-utils-3.2.0.jar:/Users/vinita.mahajan/.m2/repository/org/apache/maven/maven-artifact/3.0/maven-artifact-3.0.jar:/Users/vinita.mahajan/.m2/repository/org/apache/maven/maven-core/3.0/maven-core-3.0.jar:/Users/vinita.mahajan/.m2/repository/org/apache/maven/maven-settings-builder/3.0/maven-settings-builder-3.0.jar:/Users/vinita.mahajan/.m2/repository/org/apache/maven/maven-model-builder/3.0/maven-model-builder-3.0.jar:/Users/vinita.mahajan/.m2/repository/org/apache/maven/maven-aether-provider/3.0/maven-aether-provider-3.0.jar:/Users/vinita.mahajan/.m2/repository/org/sonatype/aether/aether-impl/1.7/aether-impl-1.7.jar:/Users/vinita.mahajan/.m2/repository/org/sonatype/aether/aether-spi/1.7/aether-spi-1.7.jar:/Users/vinita.mahajan/.m2/repository/org/sonatype/aether/aether-api/1.7/aether-api-1.7.jar:/Users/vinita.mahajan/.m2/repository/org/sonatype/aether/aether-util/1.7/aether-util-1.7.jar:/Users/vinita.mahajan/.m2/repository/org/sonatype/sisu/sisu-inject-plexus/1.4.2/sisu-inject-plexus-1.4.2.jar:/Users/vinita.mahajan/.m2/repository/org/sonatype/sisu/sisu-inject-bean/1.4.2/sisu-inject-bean-1.4.2.jar:/Users/vinita.mahajan/.m2/repository/org/sonatype/sisu/sisu-guice/2.1.7/sisu-guice-2.1.7-noaop.jar:/Users/vinita.mahajan/.m2/repository/org/codehaus/plexus/plexus-classworlds/2.2.3/plexus-classworlds-2.2.3.jar:/Users/vinita.mahajan/.m2/repository/org/codehaus/plexus/plexus-component-annotations/1.5.5/plexus-component-annotations-1.5.5.jar:/Users/vinita.mahajan/.m2/repository/org/sonatype/plexus/plexus-sec-dispatcher/1.3/plexus-sec-dispatcher-1.3.jar:/Users/vinita.mahajan/.m2/repository/org/sonatype/plexus/plexus-cipher/1.4/plexus-cipher-1.4.jar:/Users/vinita.mahajan/.m2/repository/org/apache/maven/maven-model/3.0/maven-model-3.0.jar:/Users/vinita.mahajan/.m2/repository/org/apache/maven/maven-plugin-api/3.0/maven-plugin-api-3.0.jar:/Users/vinita.mahajan/.m2/repository/org/apache/maven/maven-repository-metadata/3.0/maven-repository-metadata-3.0.jar:/Users/vinita.mahajan/.m2/repository/org/apache/maven/maven-settings/3.0/maven-settings-3.0.jar:/Users/vinita.mahajan/.m2/repository/org/apache/maven/shared/maven-dependency-tree/2.2/maven-dependency-tree-2.2.jar:/Users/vinita.mahajan/.m2/repository/org/eclipse/aether/aether-util/0.9.0.M2/aether-util-0.9.0.M2.jar:/Users/vinita.mahajan/.m2/repository/org/apache/maven/shared/maven-shared-jar/1.2/maven-shared-jar-1.2.jar:/Users/vinita.mahajan/.m2/repository/org/codehaus/plexus/plexus-digest/1.0/plexus-digest-1.0.jar:/Users/vinita.mahajan/.m2/repository/org/codehaus/plexus/plexus-container-default/1.0-alpha-8/plexus-container-default-1.0-alpha-8.jar:/Users/vinita.mahajan/.m2/repository/classworlds/classworlds/1.1-alpha-2/classworlds-1.1-alpha-2.jar:/Users/vinita.mahajan/.m2/repository/org/apache/bcel/bcel/6.2/bcel-6.2.jar:/Users/vinita.mahajan/.m2/repository/org/apache/maven/shared/maven-common-artifact-filters/3.1.0/maven-common-artifact-filters-3.1.0.jar:/Users/vinita.mahajan/.m2/repository/org/apache/maven/shared/maven-artifact-transfer/0.12.0/maven-artifact-transfer-0.12.0.jar:/Users/vinita.mahajan/.m2/repository/org/apache/maven/scm/maven-scm-api/1.10.0/maven-scm-api-1.10.0.jar:/Users/vinita.mahajan/.m2/repository/org/apache/maven/scm/maven-scm-manager-plexus/1.10.0/maven-scm-manager-plexus-1.10.0.jar:/Users/vinita.mahajan/.m2/repository/org/apache/maven/scm/maven-scm-provider-hg/1.10.0/maven-scm-provider-hg-1.10.0.jar:/Users/vinita.mahajan/.m2/repository/org/apache/maven/scm/maven-scm-provider-perforce/1.10.0/maven-scm-provider-perforce-1.10.0.jar:/Users/vinita.mahajan/.m2/repository/org/apache/maven/scm/maven-scm-provider-starteam/1.10.0/maven-scm-provider-starteam-1.10.0.jar:/Users/vinita.mahajan/.m2/repository/org/apache/maven/scm/maven-scm-provider-svn-commons/1.10.0/maven-scm-provider-svn-commons-1.10.0.jar:/Users/vinita.mahajan/.m2/repository/org/apache/maven/scm/maven-scm-provider-svnexe/1.10.0/maven-scm-provider-svnexe-1.10.0.jar:/Users/vinita.mahajan/.m2/repository/org/apache/maven/scm/maven-scm-provider-cvs-commons/1.10.0/maven-scm-provider-cvs-commons-1.10.0.jar:/Users/vinita.mahajan/.m2/repository/org/apache/maven/scm/maven-scm-provider-cvsexe/1.10.0/maven-scm-provider-cvsexe-1.10.0.jar:/Users/vinita.mahajan/.m2/repository/org/apache/maven/scm/maven-scm-provider-cvsjava/1.10.0/maven-scm-provider-cvsjava-1.10.0.jar:/Users/vinita.mahajan/.m2/repository/org/netbeans/lib/cvsclient/20060125/cvsclient-20060125.jar:/Users/vinita.mahajan/.m2/repository/ch/ethz/ganymed/ganymed-ssh2/build210/ganymed-ssh2-build210.jar:/Users/vinita.mahajan/.m2/repository/org/apache/maven/scm/maven-scm-provider-git-commons/1.10.0/maven-scm-provider-git-commons-1.10.0.jar:/Users/vinita.mahajan/.m2/repository/org/apache/maven/scm/maven-scm-provider-gitexe/1.10.0/maven-scm-provider-gitexe-1.10.0.jar:/Users/vinita.mahajan/.m2/repository/org/apache/maven/doxia/doxia-sink-api/1.9.1/doxia-sink-api-1.9.1.jar:/Users/vinita.mahajan/.m2/repository/org/apache/maven/doxia/doxia-logging-api/1.9.1/doxia-logging-api-1.9.1.jar:/Users/vinita.mahajan/.m2/repository/org/apache/maven/doxia/doxia-core/1.9.1/doxia-core-1.9.1.jar:/Users/vinita.mahajan/.m2/repository/org/apache/maven/doxia/doxia-decoration-model/1.9.2/doxia-decoration-model-1.9.2.jar:/Users/vinita.mahajan/.m2/repository/org/apache/maven/doxia/doxia-site-renderer/1.9.2/doxia-site-renderer-1.9.2.jar:/Users/vinita.mahajan/.m2/repository/org/apache/maven/doxia/doxia-skin-model/1.9.2/doxia-skin-model-1.9.2.jar:/Users/vinita.mahajan/.m2/repository/org/apache/maven/doxia/doxia-module-xhtml/1.9.1/doxia-module-xhtml-1.9.1.jar:/Users/vinita.mahajan/.m2/repository/org/apache/maven/doxia/doxia-module-xhtml5/1.9.1/doxia-module-xhtml5-1.9.1.jar:/Users/vinita.mahajan/.m2/repository/org/codehaus/plexus/plexus-velocity/1.2/plexus-velocity-1.2.jar:/Users/vinita.mahajan/.m2/repository/org/apache/velocity/velocity-tools/2.0/velocity-tools-2.0.jar:/Users/vinita.mahajan/.m2/repository/commons-chain/commons-chain/1.1/commons-chain-1.1.jar:/Users/vinita.mahajan/.m2/repository/dom4j/dom4j/1.1/dom4j-1.1.jar:/Users/vinita.mahajan/.m2/repository/oro/oro/2.0.8/oro-2.0.8.jar:/Users/vinita.mahajan/.m2/repository/org/apache/maven/doxia/doxia-integration-tools/1.9.2/doxia-integration-tools-1.9.2.jar:/Users/vinita.mahajan/.m2/repository/org/codehaus/plexus/plexus-i18n/1.0-beta-10/plexus-i18n-1.0-beta-10.jar:/Users/vinita.mahajan/.m2/repository/org/codehaus/plexus/plexus-interpolation/1.26/plexus-interpolation-1.26.jar:"/>
    <property name="allure.results.directory" value="target/allure-results"/>
    <property name="sun.cpu.endian" value="little"/>
    <property name="user.home" value="/Users/vinita.mahajan"/>
    <property name="user.language" value="en"/>
    <property name="java.specification.vendor" value="Oracle Corporation"/>
    <property name="java.version.date" value="2020-07-14"/>
    <property name="java.home" value="/Library/Java/JavaVirtualMachines/jdk-14.0.2.jdk/Contents/Home"/>
    <property name="file.separator" value="/"/>
    <property name="basedir" value="/Users/vinita.mahajan/Documents/midTrans"/>
    <property name="java.vm.compressedOopsMode" value="Zero based"/>
    <property name="line.separator" value="&#10;"/>
    <property name="java.vm.specification.vendor" value="Oracle Corporation"/>
    <property name="java.specification.name" value="Java Platform API Specification"/>
    <property name="surefire.real.class.path" value="/Users/vinita.mahajan/Documents/midTrans/target/surefire/surefirebooter2303366343519416843.jar"/>
    <property name="sun.management.compiler" value="HotSpot 64-Bit Tiered Compilers"/>
    <property name="ftp.nonProxyHosts" value="local|*.local|169.254/16|*.169.254/16"/>
    <property name="java.runtime.version" value="14.0.2+12-46"/>
    <property name="user.name" value="vinita.mahajan"/>
    <property name="path.separator" value=":"/>
    <property name="platform" value="android"/>
    <property name="os.version" value="10.15.6"/>
    <property name="java.runtime.name" value="Java(TM) SE Runtime Environment"/>
    <property name="file.encoding" value="US-ASCII"/>
    <property name="platformVersion" value="11.0"/>
    <property name="java.vm.name" value="Java HotSpot(TM) 64-Bit Server VM"/>
    <property name="localRepository" value="/Users/vinita.mahajan/.m2/repository"/>
    <property name="java.vendor.url.bug" value="https://bugreport.java.com/bugreport/"/>
    <property name="java.io.tmpdir" value="/var/folders/96/vgn_hl656rq36l42j778m8pc0000gq/T/"/>
    <property name="java.version" value="14.0.2"/>
    <property name="user.dir" value="/Users/vinita.mahajan/Documents/midTrans"/>
    <property name="os.arch" value="x86_64"/>
    <property name="java.vm.specification.name" value="Java Virtual Machine Specification"/>
    <property name="java.library.path" value="/Users/vinita.mahajan/Library/Java/Extensions:/Library/Java/Extensions:/Network/Library/Java/Extensions:/System/Library/Java/Extensions:/usr/lib/java:."/>
    <property name="java.vm.info" value="mixed mode, sharing"/>
    <property name="java.vendor" value="Oracle Corporation"/>
    <property name="java.vm.version" value="14.0.2+12-46"/>
    <property name="propertyName" value="propertyValue"/>
    <property name="sun.io.unicode.encoding" value="UnicodeBig"/>
    <property name="socksNonProxyHosts" value="local|*.local|169.254/16|*.169.254/16"/>
    <property name="java.class.version" value="58.0"/>
    <property name="buildDirectory" value="/Users/vinita.mahajan/Documents/midTrans/target"/>
  </properties>
  <testcase name="initSetUp" classname="com.midTrans.tests.TC1" time="7.628"/>
  <testcase name="shoppingCart" classname="com.midTrans.tests.TC1" time="2.672"/>
  <testcase name="verifyOrderDetails" classname="com.midTrans.tests.TC1" time="3.983"/>
  <testcase name="verifyPaymentviaCreditCard" classname="com.midTrans.tests.TC1" time="13.747"/>
  <testcase name="verifyOTPInvalid" classname="com.midTrans.tests.TC1" time="0">
    <skipped message="org.openqa.selenium.NoSuchWindowException: no such window&#10;  (Session info: chrome=83.0.4103.106)&#10;Build info: version: &apos;3.141.59&apos;, revision: &apos;e82be7d358&apos;, time: &apos;2018-11-14T08:17:03&apos;&#10;System info: host: &apos;IN-IT3088&apos;, ip: &apos;fe80:0:0:0:1818:2268:6d06:b62c%en0&apos;, os.name: &apos;Mac OS X&apos;, os.arch: &apos;x86_64&apos;, os.version: &apos;10.15.6&apos;, java.version: &apos;14.0.2&apos;&#10;Driver info: io.appium.java_client.android.AndroidDriver&#10;Capabilities {appActivity: com.google.android.apps.chr..., appPackage: com.android.chrome, automationName: UiAutomator2, browserName: Chrome, chromedriver_autodownload: true, databaseEnabled: false, desired: {automationName: UiAutomator2, browserName: Chrome, chromedriver_autodownload: true, deviceName: emulator-5554, platformName: android, showChromedriverLog: true, skipUnlock: false}, deviceApiLevel: 30, deviceManufacturer: Google, deviceModel: sdk_gphone_x86, deviceName: emulator-5554, deviceScreenDensity: 420, deviceScreenSize: 1080x1920, deviceUDID: emulator-5554, javascriptEnabled: true, locationContextEnabled: false, networkConnectionEnabled: true, pixelRatio: 2.625, platform: LINUX, platformName: android, platformVersion: 11, showChromedriverLog: true, skipUnlock: false, statBarHeight: 63, takesScreenshot: true, viewportRect: {height: 1731, left: 0, top: 63, width: 1080}, warnings: {}, webStorageEnabled: false}&#10;Session ID: bcad1d11-aef1-4ca0-8384-c0590a03aafe&#10;*** Element info: {Using=xpath, value=//input[@name=&apos;PaRes&apos;]}"/>
    <system-out><![CDATA[1
]]></system-out>
    <system-err><![CDATA[[main] INFO com.midTrans.Utilities.TestListener - verifyOTPInvalidStarting the execution .....
[main] INFO com.midTrans.Utilities.TestListener - verifyOTPInvalidStarting the execution .....
[main] INFO com.midTrans.Utilities.TestListener - verifyOTPInvalidskipped ....
[main] INFO com.midTrans.Utilities.TestListener - verifyOTPInvalidskipped ....
]]></system-err>
  </testcase>
  <testcase name="verifyOTPInvalid" classname="com.midTrans.tests.TC1" time="11.171">
    <failure message="no such frame&#10;  (Session info: chrome=83.0.4103.106)&#10;Build info: version: &apos;3.141.59&apos;, revision: &apos;e82be7d358&apos;, time: &apos;2018-11-14T08:17:03&apos;&#10;System info: host: &apos;IN-IT3088&apos;, ip: &apos;fe80:0:0:0:1818:2268:6d06:b62c%en0&apos;, os.name: &apos;Mac OS X&apos;, os.arch: &apos;x86_64&apos;, os.version: &apos;10.15.6&apos;, java.version: &apos;14.0.2&apos;&#10;Driver info: io.appium.java_client.android.AndroidDriver&#10;Capabilities {appActivity: com.google.android.apps.chr..., appPackage: com.android.chrome, automationName: UiAutomator2, browserName: Chrome, chromedriver_autodownload: true, databaseEnabled: false, desired: {automationName: UiAutomator2, browserName: Chrome, chromedriver_autodownload: true, deviceName: emulator-5554, platformName: android, showChromedriverLog: true, skipUnlock: false}, deviceApiLevel: 30, deviceManufacturer: Google, deviceModel: sdk_gphone_x86, deviceName: emulator-5554, deviceScreenDensity: 420, deviceScreenSize: 1080x1920, deviceUDID: emulator-5554, javascriptEnabled: true, locationContextEnabled: false, networkConnectionEnabled: true, pixelRatio: 2.625, platform: LINUX, platformName: android, platformVersion: 11, showChromedriverLog: true, skipUnlock: false, statBarHeight: 63, takesScreenshot: true, viewportRect: {height: 1731, left: 0, top: 63, width: 1080}, warnings: {}, webStorageEnabled: false}&#10;Session ID: bcad1d11-aef1-4ca0-8384-c0590a03aafe" type="org.openqa.selenium.NoSuchFrameException">org.openqa.selenium.NoSuchFrameException: 
no such frame
  (Session info: chrome=83.0.4103.106)
Build info: version: '3.141.59', revision: 'e82be7d358', time: '2018-11-14T08:17:03'
System info: host: 'IN-IT3088', ip: 'fe80:0:0:0:1818:2268:6d06:b62c%en0', os.name: 'Mac OS X', os.arch: 'x86_64', os.version: '10.15.6', java.version: '14.0.2'
Driver info: io.appium.java_client.android.AndroidDriver
Capabilities {appActivity: com.google.android.apps.chr..., appPackage: com.android.chrome, automationName: UiAutomator2, browserName: Chrome, chromedriver_autodownload: true, databaseEnabled: false, desired: {automationName: UiAutomator2, browserName: Chrome, chromedriver_autodownload: true, deviceName: emulator-5554, platformName: android, showChromedriverLog: true, skipUnlock: false}, deviceApiLevel: 30, deviceManufacturer: Google, deviceModel: sdk_gphone_x86, deviceName: emulator-5554, deviceScreenDensity: 420, deviceScreenSize: 1080x1920, deviceUDID: emulator-5554, javascriptEnabled: true, locationContextEnabled: false, networkConnectionEnabled: true, pixelRatio: 2.625, platform: LINUX, platformName: android, platformVersion: 11, showChromedriverLog: true, skipUnlock: false, statBarHeight: 63, takesScreenshot: true, viewportRect: {height: 1731, left: 0, top: 63, width: 1080}, warnings: {}, webStorageEnabled: false}
Session ID: bcad1d11-aef1-4ca0-8384-c0590a03aafe
	at com.midTrans.tests.TC1.verifyOTPInvalid(TC1.java:187)
</failure>
    <system-out><![CDATA[0
]]></system-out>
    <system-err><![CDATA[[main] INFO com.midTrans.Utilities.TestListener - verifyOTPInvalidStarting the execution .....
[main] INFO com.midTrans.Utilities.TestListener - verifyOTPInvalidStarting the execution .....
[main] INFO com.midTrans.Utilities.TestListener - verifyOTPInvalidCompleted without any error .....
[main] INFO com.midTrans.Utilities.TestListener - Screenshot embedded for TC : verifyOTPInvalid
[main] INFO com.midTrans.Utilities.TestListener - Screenshot embedded for TC : null
[main] INFO com.midTrans.Utilities.TestListener - verifyOTPInvalidCompleted without any error .....
[main] INFO com.midTrans.Utilities.TestListener - Screenshot embedded for TC : verifyOTPInvalid
[main] INFO com.midTrans.Utilities.TestListener - Screenshot embedded for TC : null
]]></system-err>
  </testcase>
  <testcase name="verifyOTPvalid" classname="com.midTrans.tests.TC1" time="12.446">
    <failure message="Can&apos;t locate an element by this strategy: By.xpath: //div[@class=&apos;text-button-main&apos;]//span[text()=&apos;Use Another Payment Options&apos;]" type="org.openqa.selenium.NoSuchElementException">org.openqa.selenium.NoSuchElementException: Can't locate an element by this strategy: By.xpath: //div[@class='text-button-main']//span[text()='Use Another Payment Options']
	at com.midTrans.tests.TC1.verifyOTPvalid(TC1.java:219)
Caused by: org.openqa.selenium.TimeoutException: Expected condition failed: waiting for io.appium.java_client.pagefactory.AppiumElementLocator$WaitingFunction@2dcd451f (tried for 1 second(s) with 500 milliseconds interval)
	at com.midTrans.tests.TC1.verifyOTPvalid(TC1.java:219)
Caused by: org.openqa.selenium.NoSuchElementException: 
no such element: Unable to locate element: {"method":"xpath","selector":"//div[@class='text-button-main']//span[text()='Use Another Payment Options']"}
  (Session info: chrome=83.0.4103.106)
For documentation on this error, please visit: https://www.seleniumhq.org/exceptions/no_such_element.html
Build info: version: '3.141.59', revision: 'e82be7d358', time: '2018-11-14T08:17:03'
System info: host: 'IN-IT3088', ip: 'fe80:0:0:0:1818:2268:6d06:b62c%en0', os.name: 'Mac OS X', os.arch: 'x86_64', os.version: '10.15.6', java.version: '14.0.2'
Driver info: io.appium.java_client.android.AndroidDriver
Capabilities {appActivity: com.google.android.apps.chr..., appPackage: com.android.chrome, automationName: UiAutomator2, browserName: Chrome, chromedriver_autodownload: true, databaseEnabled: false, desired: {automationName: UiAutomator2, browserName: Chrome, chromedriver_autodownload: true, deviceName: emulator-5554, platformName: android, showChromedriverLog: true, skipUnlock: false}, deviceApiLevel: 30, deviceManufacturer: Google, deviceModel: sdk_gphone_x86, deviceName: emulator-5554, deviceScreenDensity: 420, deviceScreenSize: 1080x1920, deviceUDID: emulator-5554, javascriptEnabled: true, locationContextEnabled: false, networkConnectionEnabled: true, pixelRatio: 2.625, platform: LINUX, platformName: android, platformVersion: 11, showChromedriverLog: true, skipUnlock: false, statBarHeight: 63, takesScreenshot: true, viewportRect: {height: 1731, left: 0, top: 63, width: 1080}, warnings: {}, webStorageEnabled: false}
Session ID: bcad1d11-aef1-4ca0-8384-c0590a03aafe
*** Element info: {Using=xpath, value=//div[@class='text-button-main']//span[text()='Use Another Payment Options']}
	at com.midTrans.tests.TC1.verifyOTPvalid(TC1.java:219)
</failure>
    <system-err><![CDATA[[main] INFO com.midTrans.Utilities.TestListener - verifyOTPvalidStarting the execution .....
[main] INFO com.midTrans.Utilities.TestListener - verifyOTPvalidStarting the execution .....
[main] INFO com.midTrans.Utilities.TestListener - verifyOTPvalidCompleted without any error .....
[main] INFO com.midTrans.Utilities.TestListener - Screenshot embedded for TC : verifyOTPvalid
[main] INFO com.midTrans.Utilities.TestListener - Screenshot embedded for TC : null
[main] INFO com.midTrans.Utilities.TestListener - verifyOTPvalidCompleted without any error .....
[main] INFO com.midTrans.Utilities.TestListener - Screenshot embedded for TC : verifyOTPvalid
[main] INFO com.midTrans.Utilities.TestListener - Screenshot embedded for TC : null
]]></system-err>
  </testcase>
  <testcase name="verifySuccessMessage" classname="com.midTrans.tests.TC1" time="11.205">
    <failure message="Index 0 out of bounds for length 0" type="java.lang.IndexOutOfBoundsException">java.lang.IndexOutOfBoundsException: Index 0 out of bounds for length 0
	at com.midTrans.tests.TC1.verifySuccessMessage(TC1.java:246)
</failure>
    <system-err><![CDATA[[main] INFO com.midTrans.Utilities.TestListener - verifySuccessMessageStarting the execution .....
[main] INFO com.midTrans.Utilities.TestListener - verifySuccessMessageStarting the execution .....
[main] INFO com.midTrans.Utilities.TestListener - verifySuccessMessageCompleted without any error .....
[main] INFO com.midTrans.Utilities.TestListener - Screenshot embedded for TC : verifySuccessMessage
[main] INFO com.midTrans.Utilities.TestListener - Screenshot embedded for TC : null
[main] INFO com.midTrans.Utilities.TestListener - verifySuccessMessageCompleted without any error .....
[main] INFO com.midTrans.Utilities.TestListener - Screenshot embedded for TC : verifySuccessMessage
[main] INFO com.midTrans.Utilities.TestListener - Screenshot embedded for TC : null
]]></system-err>
  </testcase>
  <testcase name="iterateSimultaneously" classname="com.midTrans.tests.TC2" time="11.403"/>
</testsuite>