<?xml version="1.0" encoding="UTF-8"?>
<!-- Generated by org.testng.reporters.JUnitReportReporter -->
<testsuite hostname="IN-IT3088" failures="0" tests="1" name="com.midTrans.tests.TC2" time="10.940" errors="0" timestamp="13 Apr 2021 17:11:30 GMT" skipped="0">
  <testcase classname="com.midTrans.tests.TC2" name="iterateSimultaneously" time="10.940"/>
</testsuite> <!-- com.midTrans.tests.TC2 -->
